2014-12-27 23:58:08,808 [10] ERROR NangShop_DataControl.Sale_Header_Controller.Sale_Header_Search:{233} - System.Data.SqlClient.SqlException (0x80131904): Conversion failed when converting the nvarchar value ' AND convert(varchar, sh.sale_date, 103) >= '20/12/2014' AND convert(varchar, sh.sale_date, 103) <= '27/12/2014' AND sh.SalesType = ' to data type int.
   at System.Data.SqlClient.SqlConnection.OnError(SqlException exception, Boolean breakConnection, Action`1 wrapCloseInAction)
   at System.Data.SqlClient.SqlInternalConnection.OnError(SqlException exception, Boolean breakConnection, Action`1 wrapCloseInAction)
   at System.Data.SqlClient.TdsParser.ThrowExceptionAndWarning(TdsParserStateObject stateObj, Boolean callerHasConnectionLock, Boolean asyncClose)
   at System.Data.SqlClient.TdsParser.TryRun(RunBehavior runBehavior, SqlCommand cmdHandler, SqlDataReader dataStream, BulkCopySimpleResultSet bulkCopyHandler, TdsParserStateObject stateObj, Boolean& dataReady)
   at System.Data.SqlClient.SqlDataReader.TryConsumeMetaData()
   at System.Data.SqlClient.SqlDataReader.get_MetaData()
   at System.Data.SqlClient.SqlCommand.FinishExecuteReader(SqlDataReader ds, RunBehavior runBehavior, String resetOptionsString)
   at System.Data.SqlClient.SqlCommand.RunExecuteReaderTds(CommandBehavior cmdBehavior, RunBehavior runBehavior, Boolean returnStream, Boolean async, Int32 timeout, Task& task, Boolean asyncWrite, SqlDataReader ds)
   at System.Data.SqlClient.SqlCommand.RunExecuteReader(CommandBehavior cmdBehavior, RunBehavior runBehavior, Boolean returnStream, String method, TaskCompletionSource`1 completion, Int32 timeout, Task& task, Boolean asyncWrite)
   at System.Data.SqlClient.SqlCommand.RunExecuteReader(CommandBehavior cmdBehavior, RunBehavior runBehavior, Boolean returnStream, String method)
   at System.Data.SqlClient.SqlCommand.ExecuteReader(CommandBehavior behavior, String method)
   at System.Data.SqlClient.SqlCommand.ExecuteDbDataReader(CommandBehavior behavior)
   at System.Data.Common.DbCommand.System.Data.IDbCommand.ExecuteReader(CommandBehavior behavior)
   at System.Data.Common.DbDataAdapter.FillInternal(DataSet dataset, DataTable[] datatables, Int32 startRecord, Int32 maxRecords, String srcTable, IDbCommand command, CommandBehavior behavior)
   at System.Data.Common.DbDataAdapter.Fill(DataSet dataSet, Int32 startRecord, Int32 maxRecords, String srcTable, IDbCommand command, CommandBehavior behavior)
   at System.Data.Common.DbDataAdapter.Fill(DataSet dataSet)
   at NangShop_DataControl.SqlHelper.ExecuteDataset(SqlConnection connection, CommandType commandType, String commandText, SqlParameter[] commandParameters) in e:\Working Tem\Nang Shop\Nang Shop\NangShop_DataControl\Helper\SQLHelper.cs:line 612
   at NangShop_DataControl.SqlHelper.ExecuteDataset(String connectionString, CommandType commandType, String commandText, SqlParameter[] commandParameters) in e:\Working Tem\Nang Shop\Nang Shop\NangShop_DataControl\Helper\SQLHelper.cs:line 524
   at NangShop_DataControl.Sale_Header_Controller.Sale_Header_Search(String p_sohd, String p_date, String p_date_to, String p_customer, Int32 p_type) in e:\Working Tem\Nang Shop\Nang Shop\NangShop_DataControl\Controllers\Sale_Header_Controller.cs:line 228
ClientConnectionId:7fba8631-4145-4823-9fe6-c8651725a237
2014-12-27 23:58:10,981 [10] ERROR NangShop_DataControl.Sale_Header_Controller.Sale_Header_Search:{233} - System.Data.SqlClient.SqlException (0x80131904): Conversion failed when converting the nvarchar value ' AND convert(varchar, sh.sale_date, 103) >= '20/12/2014' AND convert(varchar, sh.sale_date, 103) <= '27/12/2014' AND sh.SalesType = ' to data type int.
   at System.Data.SqlClient.SqlConnection.OnError(SqlException exception, Boolean breakConnection, Action`1 wrapCloseInAction)
   at System.Data.SqlClient.SqlInternalConnection.OnError(SqlException exception, Boolean breakConnection, Action`1 wrapCloseInAction)
   at System.Data.SqlClient.TdsParser.ThrowExceptionAndWarning(TdsParserStateObject stateObj, Boolean callerHasConnectionLock, Boolean asyncClose)
   at System.Data.SqlClient.TdsParser.TryRun(RunBehavior runBehavior, SqlCommand cmdHandler, SqlDataReader dataStream, BulkCopySimpleResultSet bulkCopyHandler, TdsParserStateObject stateObj, Boolean& dataReady)
   at System.Data.SqlClient.SqlDataReader.TryConsumeMetaData()
   at System.Data.SqlClient.SqlDataReader.get_MetaData()
   at System.Data.SqlClient.SqlCommand.FinishExecuteReader(SqlDataReader ds, RunBehavior runBehavior, String resetOptionsString)
   at System.Data.SqlClient.SqlCommand.RunExecuteReaderTds(CommandBehavior cmdBehavior, RunBehavior runBehavior, Boolean returnStream, Boolean async, Int32 timeout, Task& task, Boolean asyncWrite, SqlDataReader ds)
   at System.Data.SqlClient.SqlCommand.RunExecuteReader(CommandBehavior cmdBehavior, RunBehavior runBehavior, Boolean returnStream, String method, TaskCompletionSource`1 completion, Int32 timeout, Task& task, Boolean asyncWrite)
   at System.Data.SqlClient.SqlCommand.RunExecuteReader(CommandBehavior cmdBehavior, RunBehavior runBehavior, Boolean returnStream, String method)
   at System.Data.SqlClient.SqlCommand.ExecuteReader(CommandBehavior behavior, String method)
   at System.Data.SqlClient.SqlCommand.ExecuteDbDataReader(CommandBehavior behavior)
   at System.Data.Common.DbCommand.System.Data.IDbCommand.ExecuteReader(CommandBehavior behavior)
   at System.Data.Common.DbDataAdapter.FillInternal(DataSet dataset, DataTable[] datatables, Int32 startRecord, Int32 maxRecords, String srcTable, IDbCommand command, CommandBehavior behavior)
   at System.Data.Common.DbDataAdapter.Fill(DataSet dataSet, Int32 startRecord, Int32 maxRecords, String srcTable, IDbCommand command, CommandBehavior behavior)
   at System.Data.Common.DbDataAdapter.Fill(DataSet dataSet)
   at NangShop_DataControl.SqlHelper.ExecuteDataset(SqlConnection connection, CommandType commandType, String commandText, SqlParameter[] commandParameters) in e:\Working Tem\Nang Shop\Nang Shop\NangShop_DataControl\Helper\SQLHelper.cs:line 612
   at NangShop_DataControl.SqlHelper.ExecuteDataset(String connectionString, CommandType commandType, String commandText, SqlParameter[] commandParameters) in e:\Working Tem\Nang Shop\Nang Shop\NangShop_DataControl\Helper\SQLHelper.cs:line 524
   at NangShop_DataControl.Sale_Header_Controller.Sale_Header_Search(String p_sohd, String p_date, String p_date_to, String p_customer, Int32 p_type) in e:\Working Tem\Nang Shop\Nang Shop\NangShop_DataControl\Controllers\Sale_Header_Controller.cs:line 228
ClientConnectionId:7fba8631-4145-4823-9fe6-c8651725a237
2014-12-27 23:58:37,200 [10] ERROR NangShop_DataControl.Sale_Header_Controller.Sale_Header_Search:{0} - System.Data.SqlClient.SqlException (0x80131904): Conversion failed when converting the nvarchar value ' AND convert(varchar, sh.sale_date, 103) >= '20/12/2014' AND convert(varchar, sh.sale_date, 103) <= '27/12/2014' AND sh.SalesType = ' to data type int.
   at System.Data.SqlClient.SqlConnection.OnError(SqlException exception, Boolean breakConnection, Action`1 wrapCloseInAction)
   at System.Data.SqlClient.SqlInternalConnection.OnError(SqlException exception, Boolean breakConnection, Action`1 wrapCloseInAction)
   at System.Data.SqlClient.TdsParser.ThrowExceptionAndWarning(TdsParserStateObject stateObj, Boolean callerHasConnectionLock, Boolean asyncClose)
   at System.Data.SqlClient.TdsParser.TryRun(RunBehavior runBehavior, SqlCommand cmdHandler, SqlDataReader dataStream, BulkCopySimpleResultSet bulkCopyHandler, TdsParserStateObject stateObj, Boolean& dataReady)
   at System.Data.SqlClient.SqlDataReader.TryConsumeMetaData()
   at System.Data.SqlClient.SqlDataReader.get_MetaData()
   at System.Data.SqlClient.SqlCommand.FinishExecuteReader(SqlDataReader ds, RunBehavior runBehavior, String resetOptionsString)
   at System.Data.SqlClient.SqlCommand.RunExecuteReaderTds(CommandBehavior cmdBehavior, RunBehavior runBehavior, Boolean returnStream, Boolean async, Int32 timeout, Task& task, Boolean asyncWrite, SqlDataReader ds)
   at System.Data.SqlClient.SqlCommand.RunExecuteReader(CommandBehavior cmdBehavior, RunBehavior runBehavior, Boolean returnStream, String method, TaskCompletionSource`1 completion, Int32 timeout, Task& task, Boolean asyncWrite)
   at System.Data.SqlClient.SqlCommand.RunExecuteReader(CommandBehavior cmdBehavior, RunBehavior runBehavior, Boolean returnStream, String method)
   at System.Data.SqlClient.SqlCommand.ExecuteReader(CommandBehavior behavior, String method)
   at System.Data.SqlClient.SqlCommand.ExecuteDbDataReader(CommandBehavior behavior)
   at System.Data.Common.DbCommand.System.Data.IDbCommand.ExecuteReader(CommandBehavior behavior)
   at System.Data.Common.DbDataAdapter.FillInternal(DataSet dataset, DataTable[] datatables, Int32 startRecord, Int32 maxRecords, String srcTable, IDbCommand command, CommandBehavior behavior)
   at System.Data.Common.DbDataAdapter.Fill(DataSet dataSet, Int32 startRecord, Int32 maxRecords, String srcTable, IDbCommand command, CommandBehavior behavior)
   at System.Data.Common.DbDataAdapter.Fill(DataSet dataSet)
   at NangShop_DataControl.SqlHelper.ExecuteDataset(SqlConnection connection, CommandType commandType, String commandText, SqlParameter[] commandParameters)
   at NangShop_DataControl.SqlHelper.ExecuteDataset(String connectionString, CommandType commandType, String commandText, SqlParameter[] commandParameters)
   at NangShop_DataControl.Sale_Header_Controller.Sale_Header_Search(String p_sohd, String p_date, String p_date_to, String p_customer, Int32 p_type)
ClientConnectionId:7fba8631-4145-4823-9fe6-c8651725a237
2014-12-28 00:01:11,192 [10] ERROR NangShop_DataControl.Sale_Header_Controller.Sale_Header_Search:{0} - System.Data.SqlClient.SqlException (0x80131904): Conversion failed when converting the nvarchar value ' AND convert(varchar, sh.sale_date, 103) >= '20/12/2014' AND convert(varchar, sh.sale_date, 103) <= '27/12/2014' AND sh.SalesType = ' to data type int.
   at System.Data.SqlClient.SqlConnection.OnError(SqlException exception, Boolean breakConnection, Action`1 wrapCloseInAction)
   at System.Data.SqlClient.SqlInternalConnection.OnError(SqlException exception, Boolean breakConnection, Action`1 wrapCloseInAction)
   at System.Data.SqlClient.TdsParser.ThrowExceptionAndWarning(TdsParserStateObject stateObj, Boolean callerHasConnectionLock, Boolean asyncClose)
   at System.Data.SqlClient.TdsParser.TryRun(RunBehavior runBehavior, SqlCommand cmdHandler, SqlDataReader dataStream, BulkCopySimpleResultSet bulkCopyHandler, TdsParserStateObject stateObj, Boolean& dataReady)
   at System.Data.SqlClient.SqlDataReader.TryConsumeMetaData()
   at System.Data.SqlClient.SqlDataReader.get_MetaData()
   at System.Data.SqlClient.SqlCommand.FinishExecuteReader(SqlDataReader ds, RunBehavior runBehavior, String resetOptionsString)
   at System.Data.SqlClient.SqlCommand.RunExecuteReaderTds(CommandBehavior cmdBehavior, RunBehavior runBehavior, Boolean returnStream, Boolean async, Int32 timeout, Task& task, Boolean asyncWrite, SqlDataReader ds)
   at System.Data.SqlClient.SqlCommand.RunExecuteReader(CommandBehavior cmdBehavior, RunBehavior runBehavior, Boolean returnStream, String method, TaskCompletionSource`1 completion, Int32 timeout, Task& task, Boolean asyncWrite)
   at System.Data.SqlClient.SqlCommand.RunExecuteReader(CommandBehavior cmdBehavior, RunBehavior runBehavior, Boolean returnStream, String method)
   at System.Data.SqlClient.SqlCommand.ExecuteReader(CommandBehavior behavior, String method)
   at System.Data.SqlClient.SqlCommand.ExecuteDbDataReader(CommandBehavior behavior)
   at System.Data.Common.DbCommand.System.Data.IDbCommand.ExecuteReader(CommandBehavior behavior)
   at System.Data.Common.DbDataAdapter.FillInternal(DataSet dataset, DataTable[] datatables, Int32 startRecord, Int32 maxRecords, String srcTable, IDbCommand command, CommandBehavior behavior)
   at System.Data.Common.DbDataAdapter.Fill(DataSet dataSet, Int32 startRecord, Int32 maxRecords, String srcTable, IDbCommand command, CommandBehavior behavior)
   at System.Data.Common.DbDataAdapter.Fill(DataSet dataSet)
   at NangShop_DataControl.SqlHelper.ExecuteDataset(SqlConnection connection, CommandType commandType, String commandText, SqlParameter[] commandParameters)
   at NangShop_DataControl.SqlHelper.ExecuteDataset(String connectionString, CommandType commandType, String commandText, SqlParameter[] commandParameters)
   at NangShop_DataControl.Sale_Header_Controller.Sale_Header_Search(String p_sohd, String p_date, String p_date_to, String p_customer, Int32 p_type)
ClientConnectionId:7fba8631-4145-4823-9fe6-c8651725a237
2014-12-29 23:17:56,323 [9] ERROR NangShop.Control.Frm_NhapHang.Get_ItemInfo_FromControl:{546} - System.FormatException: Input string was not in a correct format.
   at System.Number.StringToNumber(String str, NumberStyles options, NumberBuffer& number, NumberFormatInfo info, Boolean parseDecimal)
   at System.Number.ParseDecimal(String value, NumberStyles options, NumberFormatInfo numfmt)
   at System.Convert.ToDecimal(String value)
   at NangShop.Control.Frm_NhapHang.Get_ItemInfo_FromControl() in e:\Working Tem\Nang Shop\Nang Shop\NangShop\Control\Created\Frm_NhapHang.xaml.cs:line 515
2014-12-29 23:17:56,559 [9] ERROR NangShop.Control.Frm_NhapHang.Accept:{470} - System.NullReferenceException: Object reference not set to an instance of an object.
   at NangShop.Control.Frm_NhapHang.Accept() in e:\Working Tem\Nang Shop\Nang Shop\NangShop\Control\Created\Frm_NhapHang.xaml.cs:line 419
2015-01-05 20:54:42,753 [1] ERROR NangShop_DataControl.Product_Controller.Product_Get_Max_Id:{187} - System.InvalidCastException: Object cannot be cast from DBNull to other types.
   at System.DBNull.System.IConvertible.ToDecimal(IFormatProvider provider)
   at System.Convert.ToDecimal(Object value)
   at NangShop_DataControl.Product_Controller.Product_Get_Max_Id() in e:\Working Tem\Nang Shop\Nang Shop\NangShop_DataControl\Controllers\Product_Controller.cs:line 183
2015-01-05 20:54:42,877 [1] ERROR NangShop_DataControl.Sale_Header_Controller.Sale_Header_Get_Max_Id:{170} - System.InvalidCastException: Object cannot be cast from DBNull to other types.
   at System.DBNull.System.IConvertible.ToDecimal(IFormatProvider provider)
   at System.Convert.ToDecimal(Object value)
   at NangShop_DataControl.Sale_Header_Controller.Sale_Header_Get_Max_Id() in e:\Working Tem\Nang Shop\Nang Shop\NangShop_DataControl\Controllers\Sale_Header_Controller.cs:line 166
2015-01-05 20:57:35,238 [1] ERROR NangShop_DataControl.Sale_Header_Controller.Sale_Header_Get_Max_Id:{170} - System.InvalidCastException: Object cannot be cast from DBNull to other types.
   at System.DBNull.System.IConvertible.ToDecimal(IFormatProvider provider)
   at System.Convert.ToDecimal(Object value)
   at NangShop_DataControl.Sale_Header_Controller.Sale_Header_Get_Max_Id() in e:\Working Tem\Nang Shop\Nang Shop\NangShop_DataControl\Controllers\Sale_Header_Controller.cs:line 166
2015-01-05 20:59:18,868 [1] ERROR NangShop.Control.Created.frmCreate_Item.txtCount_TextChanged:{74} - System.FormatException: Input string was not in a correct format.
   at System.Number.StringToNumber(String str, NumberStyles options, NumberBuffer& number, NumberFormatInfo info, Boolean parseDecimal)
   at System.Number.ParseDecimal(String value, NumberStyles options, NumberFormatInfo numfmt)
   at System.Convert.ToDecimal(String value)
   at NangShop.Control.Created.frmCreate_Item.txtCount_TextChanged(Object sender, TextChangedEventArgs e) in e:\Working Tem\Nang Shop\Nang Shop\NangShop\Control\Created\frmCreate_Item.xaml.cs:line 69
2015-01-05 20:59:18,912 [1] ERROR NangShop.Control.Created.frmCreate_Item.txtCount_TextChanged:{74} - System.FormatException: Input string was not in a correct format.
   at System.Number.StringToNumber(String str, NumberStyles options, NumberBuffer& number, NumberFormatInfo info, Boolean parseDecimal)
   at System.Number.ParseDecimal(String value, NumberStyles options, NumberFormatInfo numfmt)
   at System.Convert.ToDecimal(String value)
   at NangShop.Control.Created.frmCreate_Item.txtCount_TextChanged(Object sender, TextChangedEventArgs e) in e:\Working Tem\Nang Shop\Nang Shop\NangShop\Control\Created\frmCreate_Item.xaml.cs:line 69
2015-01-05 21:00:24,016 [1] ERROR NangShop_DataControl.Sale_Header_Controller.Sale_Header_Get_Max_Id:{170} - System.InvalidCastException: Object cannot be cast from DBNull to other types.
   at System.DBNull.System.IConvertible.ToDecimal(IFormatProvider provider)
   at System.Convert.ToDecimal(Object value)
   at NangShop_DataControl.Sale_Header_Controller.Sale_Header_Get_Max_Id() in e:\Working Tem\Nang Shop\Nang Shop\NangShop_DataControl\Controllers\Sale_Header_Controller.cs:line 166
2015-01-05 21:14:05,041 [1] ERROR NangShop_DataControl.Sale_Header_Controller.Sale_Header_Get_Max_Id:{170} - System.InvalidCastException: Object cannot be cast from DBNull to other types.
   at System.DBNull.System.IConvertible.ToDecimal(IFormatProvider provider)
   at System.Convert.ToDecimal(Object value)
   at NangShop_DataControl.Sale_Header_Controller.Sale_Header_Get_Max_Id() in e:\Working Tem\Nang Shop\Nang Shop\NangShop_DataControl\Controllers\Sale_Header_Controller.cs:line 166
2015-01-21 23:25:42,663 [1] ERROR NangShop.MainWindow.LockSystem:{285} - System.InvalidOperationException: Cannot set Visibility or call Show, ShowDialog, or WindowInteropHelper.EnsureHandle after a Window has closed.
   at System.Windows.Window.VerifyCanShow()
   at System.Windows.Window.CoerceVisibility(DependencyObject d, Object value)
   at System.Windows.DependencyObject.ProcessCoerceValue(DependencyProperty dp, PropertyMetadata metadata, EntryIndex& entryIndex, Int32& targetIndex, EffectiveValueEntry& newEntry, EffectiveValueEntry& oldEntry, Object& oldValue, Object baseValue, Object controlValue, CoerceValueCallback coerceValueCallback, Boolean coerceWithDeferredReference, Boolean coerceWithCurrentValue, Boolean skipBaseValueChecks)
   at System.Windows.DependencyObject.UpdateEffectiveValue(EntryIndex entryIndex, DependencyProperty dp, PropertyMetadata metadata, EffectiveValueEntry oldEntry, EffectiveValueEntry& newEntry, Boolean coerceWithDeferredReference, Boolean coerceWithCurrentValue, OperationType operationType)
   at System.Windows.DependencyObject.SetValueCommon(DependencyProperty dp, Object value, PropertyMetadata metadata, Boolean coerceWithDeferredReference, Boolean coerceWithCurrentValue, OperationType operationType, Boolean isInternal)
   at System.Windows.DependencyObject.SetValue(DependencyProperty dp, Object value)
   at System.Windows.UIElement.set_Visibility(Visibility value)
   at NangShop.MainWindow.LockSystem() in e:\Working Tem\Nang Shop\Nang Shop\NangShop\MainWindow.xaml.cs:line 280
2015-01-21 23:34:13,343 [1] ERROR NangShop.MainWindow.LockSystem:{285} - System.InvalidOperationException: Cannot set Visibility or call Show, ShowDialog, or WindowInteropHelper.EnsureHandle after a Window has closed.
   at System.Windows.Window.VerifyCanShow()
   at System.Windows.Window.CoerceVisibility(DependencyObject d, Object value)
   at System.Windows.DependencyObject.ProcessCoerceValue(DependencyProperty dp, PropertyMetadata metadata, EntryIndex& entryIndex, Int32& targetIndex, EffectiveValueEntry& newEntry, EffectiveValueEntry& oldEntry, Object& oldValue, Object baseValue, Object controlValue, CoerceValueCallback coerceValueCallback, Boolean coerceWithDeferredReference, Boolean coerceWithCurrentValue, Boolean skipBaseValueChecks)
   at System.Windows.DependencyObject.UpdateEffectiveValue(EntryIndex entryIndex, DependencyProperty dp, PropertyMetadata metadata, EffectiveValueEntry oldEntry, EffectiveValueEntry& newEntry, Boolean coerceWithDeferredReference, Boolean coerceWithCurrentValue, OperationType operationType)
   at System.Windows.DependencyObject.SetValueCommon(DependencyProperty dp, Object value, PropertyMetadata metadata, Boolean coerceWithDeferredReference, Boolean coerceWithCurrentValue, OperationType operationType, Boolean isInternal)
   at System.Windows.DependencyObject.SetValue(DependencyProperty dp, Object value)
   at System.Windows.UIElement.set_Visibility(Visibility value)
   at NangShop.MainWindow.LockSystem() in e:\Working Tem\Nang Shop\Nang Shop\NangShop\MainWindow.xaml.cs:line 280
2015-02-02 19:25:31,368 [5] ERROR NangShop_DataControl.Allcode_Controller.Check_Connect:{68} - System.Data.SqlClient.SqlException (0x80131904): A network-related or instance-specific error occurred while establishing a connection to SQL Server. The server was not found or was not accessible. Verify that the instance name is correct and that SQL Server is configured to allow remote connections. (provider: SQL Network Interfaces, error: 26 - Error Locating Server/Instance Specified)
   at System.Data.SqlClient.SqlInternalConnection.OnError(SqlException exception, Boolean breakConnection, Action`1 wrapCloseInAction)
   at System.Data.SqlClient.TdsParser.ThrowExceptionAndWarning(TdsParserStateObject stateObj, Boolean callerHasConnectionLock, Boolean asyncClose)
   at System.Data.SqlClient.TdsParser.Connect(ServerInfo serverInfo, SqlInternalConnectionTds connHandler, Boolean ignoreSniOpenTimeout, Int64 timerExpire, Boolean encrypt, Boolean trustServerCert, Boolean integratedSecurity, Boolean withFailover)
   at System.Data.SqlClient.SqlInternalConnectionTds.AttemptOneLogin(ServerInfo serverInfo, String newPassword, SecureString newSecurePassword, Boolean ignoreSniOpenTimeout, TimeoutTimer timeout, Boolean withFailover)
   at System.Data.SqlClient.SqlInternalConnectionTds.LoginNoFailover(ServerInfo serverInfo, String newPassword, SecureString newSecurePassword, Boolean redirectedUserInstance, SqlConnectionString connectionOptions, SqlCredential credential, TimeoutTimer timeout)
   at System.Data.SqlClient.SqlInternalConnectionTds.OpenLoginEnlist(TimeoutTimer timeout, SqlConnectionString connectionOptions, SqlCredential credential, String newPassword, SecureString newSecurePassword, Boolean redirectedUserInstance)
   at System.Data.SqlClient.SqlInternalConnectionTds..ctor(DbConnectionPoolIdentity identity, SqlConnectionString connectionOptions, SqlCredential credential, Object providerInfo, String newPassword, SecureString newSecurePassword, Boolean redirectedUserInstance, SqlConnectionString userConnectionOptions, SessionData reconnectSessionData)
   at System.Data.SqlClient.SqlConnectionFactory.CreateConnection(DbConnectionOptions options, DbConnectionPoolKey poolKey, Object poolGroupProviderInfo, DbConnectionPool pool, DbConnection owningConnection, DbConnectionOptions userOptions)
   at System.Data.ProviderBase.DbConnectionFactory.CreatePooledConnection(DbConnectionPool pool, DbConnection owningObject, DbConnectionOptions options, DbConnectionPoolKey poolKey, DbConnectionOptions userOptions)
   at System.Data.ProviderBase.DbConnectionPool.CreateObject(DbConnection owningObject, DbConnectionOptions userOptions, DbConnectionInternal oldConnection)
   at System.Data.ProviderBase.DbConnectionPool.UserCreateRequest(DbConnection owningObject, DbConnectionOptions userOptions, DbConnectionInternal oldConnection)
   at System.Data.ProviderBase.DbConnectionPool.TryGetConnection(DbConnection owningObject, UInt32 waitForMultipleObjectsTimeout, Boolean allowCreate, Boolean onlyOneCheckConnection, DbConnectionOptions userOptions, DbConnectionInternal& connection)
   at System.Data.ProviderBase.DbConnectionPool.TryGetConnection(DbConnection owningObject, TaskCompletionSource`1 retry, DbConnectionOptions userOptions, DbConnectionInternal& connection)
   at System.Data.ProviderBase.DbConnectionFactory.TryGetConnection(DbConnection owningConnection, TaskCompletionSource`1 retry, DbConnectionOptions userOptions, DbConnectionInternal oldConnection, DbConnectionInternal& connection)
   at System.Data.ProviderBase.DbConnectionInternal.TryOpenConnectionInternal(DbConnection outerConnection, DbConnectionFactory connectionFactory, TaskCompletionSource`1 retry, DbConnectionOptions userOptions)
   at System.Data.ProviderBase.DbConnectionClosed.TryOpenConnection(DbConnection outerConnection, DbConnectionFactory connectionFactory, TaskCompletionSource`1 retry, DbConnectionOptions userOptions)
   at System.Data.SqlClient.SqlConnection.TryOpenInner(TaskCompletionSource`1 retry)
   at System.Data.SqlClient.SqlConnection.TryOpen(TaskCompletionSource`1 retry)
   at System.Data.SqlClient.SqlConnection.Open()
   at NangShop_DataControl.SqlHelper.ExecuteDataset(String connectionString, CommandType commandType, String commandText, SqlParameter[] commandParameters) in e:\Working Tem\Nang Shop\Nang Shop\NangShop_DataControl\Helper\SQLHelper.cs:line 521
   at NangShop_DataControl.Allcode_Controller.Check_Connect() in e:\Working Tem\Nang Shop\Nang Shop\NangShop_DataControl\Controllers\Allcode_Controller.cs:line 60
ClientConnectionId:00000000-0000-0000-0000-000000000000
